# JRE version: Java(TM) SE Runtime Environment (8.0_201-b09) (build 1.8.0_201-b09)
# Java VM: Java HotSpot(TM) 64-Bit Server VM (25.201-b09 mixed mode windows-amd64 compressed oops)
Heap:
 PSYoungGen      total 71168K, used 14483K [0x00000000eab00000, 0x00000000efa00000, 0x0000000100000000)
  eden space 65536K, 15% used [0x00000000eab00000,0x00000000eb5250e0,0x00000000eeb00000)
  from space 5632K, 72% used [0x00000000ef080000,0x00000000ef47fcf8,0x00000000ef600000)
  to   space 5632K, 0% used [0x00000000eeb00000,0x00000000eeb00000,0x00000000ef080000)
 ParOldGen       total 32768K, used 14201K [0x00000000c0000000, 0x00000000c2000000, 0x00000000eab00000)
  object space 32768K, 43% used [0x00000000c0000000,0x00000000c0dde650,0x00000000c2000000)
 Metaspace       used 30586K, capacity 31080K, committed 31488K, reserved 1077248K
  class space    used 4331K, capacity 4502K, committed 4608K, reserved 1048576K
GC Heap History (10 events):
Event: 56.962 GC heap before
{Heap before GC invocations=9 (full 0):
 PSYoungGen      total 36352K, used 27593K [0x00000000eab00000, 0x00000000ed400000, 0x0000000100000000)
  eden space 31744K, 75% used [0x00000000eab00000,0x00000000ec27d008,0x00000000eca00000)
  from space 4608K, 76% used [0x00000000ecf80000,0x00000000ed2f5740,0x00000000ed400000)
  to   space 5120K, 0% used [0x00000000eca00000,0x00000000eca00000,0x00000000ecf00000)
 ParOldGen       total 44032K, used 7287K [0x00000000c0000000, 0x00000000c2b00000, 0x00000000eab00000)
  object space 44032K, 16% used [0x00000000c0000000,0x00000000c071df98,0x00000000c2b00000)
 Metaspace       used 20847K, capacity 21142K, committed 21248K, reserved 1067008K
  class space    used 2959K, capacity 3071K, committed 3072K, reserved 1048576K
Event: 56.983 GC heap after
Heap after GC invocations=9 (full 0):
 PSYoungGen      total 36864K, used 4943K [0x00000000eab00000, 0x00000000ee800000, 0x0000000100000000)
  eden space 31744K, 0% used [0x00000000eab00000,0x00000000eab00000,0x00000000eca00000)
  from space 5120K, 96% used [0x00000000eca00000,0x00000000eced3e58,0x00000000ecf00000)
  to   space 5632K, 0% used [0x00000000ee280000,0x00000000ee280000,0x00000000ee800000)
 ParOldGen       total 44032K, used 8240K [0x00000000c0000000, 0x00000000c2b00000, 0x00000000eab00000)
  object space 44032K, 18% used [0x00000000c0000000,0x00000000c080c010,0x00000000c2b00000)
 Metaspace       used 20847K, capacity 21142K, committed 21248K, reserved 1067008K
  class space    used 2959K, capacity 3071K, committed 3072K, reserved 1048576K
}
Event: 56.983 GC heap before
{Heap before GC invocations=10 (full 1):
 PSYoungGen      total 36864K, used 4943K [0x00000000eab00000, 0x00000000ee800000, 0x0000000100000000)
  eden space 31744K, 0% used [0x00000000eab00000,0x00000000eab00000,0x00000000eca00000)
  from space 5120K, 96% used [0x00000000eca00000,0x00000000eced3e58,0x00000000ecf00000)
  to   space 5632K, 0% used [0x00000000ee280000,0x00000000ee280000,0x00000000ee800000)
 ParOldGen       total 44032K, used 8240K [0x00000000c0000000, 0x00000000c2b00000, 0x00000000eab00000)
  object space 44032K, 18% used [0x00000000c0000000,0x00000000c080c010,0x00000000c2b00000)
 Metaspace       used 20847K, capacity 21142K, committed 21248K, reserved 1067008K
  class space    used 2959K, capacity 3071K, committed 3072K, reserved 1048576K
Event: 57.241 GC heap after
Heap after GC invocations=10 (full 1):
 PSYoungGen      total 36864K, used 0K [0x00000000eab00000, 0x00000000ee800000, 0x0000000100000000)
  eden space 31744K, 0% used [0x00000000eab00000,0x00000000eab00000,0x00000000eca00000)
  from space 5120K, 0% used [0x00000000eca00000,0x00000000eca00000,0x00000000ecf00000)
  to   space 5632K, 0% used [0x00000000ee280000,0x00000000ee280000,0x00000000ee800000)
 ParOldGen       total 32768K, used 10100K [0x00000000c0000000, 0x00000000c2000000, 0x00000000eab00000)
  object space 32768K, 30% used [0x00000000c0000000,0x00000000c09dd2e0,0x00000000c2000000)
 Metaspace       used 20847K, capacity 21142K, committed 21248K, reserved 1067008K
  class space    used 2959K, capacity 3071K, committed 3072K, reserved 1048576K
}
Event: 60.665 GC heap before
{Heap before GC invocations=11 (full 1):
 PSYoungGen      total 36864K, used 31744K [0x00000000eab00000, 0x00000000ee800000, 0x0000000100000000)
  eden space 31744K, 100% used [0x00000000eab00000,0x00000000eca00000,0x00000000eca00000)
  from space 5120K, 0% used [0x00000000eca00000,0x00000000eca00000,0x00000000ecf00000)
  to   space 5632K, 0% used [0x00000000ee280000,0x00000000ee280000,0x00000000ee800000)
 ParOldGen       total 32768K, used 10100K [0x00000000c0000000, 0x00000000c2000000, 0x00000000eab00000)
  object space 32768K, 30% used [0x00000000c0000000,0x00000000c09dd2e0,0x00000000c2000000)
 Metaspace       used 24020K, capacity 24396K, committed 24832K, reserved 1071104K
  class space    used 3351K, capacity 3491K, committed 3584K, reserved 1048576K
Event: 60.679 GC heap after
Heap after GC invocations=11 (full 1):
 PSYoungGen      total 50176K, used 3810K [0x00000000eab00000, 0x00000000ee680000, 0x0000000100000000)
  eden space 46080K, 0% used [0x00000000eab00000,0x00000000eab00000,0x00000000ed800000)
  from space 4096K, 93% used [0x00000000ee280000,0x00000000ee638938,0x00000000ee680000)
  to   space 5632K, 0% used [0x00000000edb80000,0x00000000edb80000,0x00000000ee100000)
 ParOldGen       total 32768K, used 10108K [0x00000000c0000000, 0x00000000c2000000, 0x00000000eab00000)
  object space 32768K, 30% used [0x00000000c0000000,0x00000000c09df2e0,0x00000000c2000000)
 Metaspace       used 24020K, capacity 24396K, committed 24832K, reserved 1071104K
  class space    used 3351K, capacity 3491K, committed 3584K, reserved 1048576K
}
Event: 67.218 GC heap before
{Heap before GC invocations=12 (full 1):
 PSYoungGen      total 50176K, used 49890K [0x00000000eab00000, 0x00000000ee680000, 0x0000000100000000)
  eden space 46080K, 100% used [0x00000000eab00000,0x00000000ed800000,0x00000000ed800000)
  from space 4096K, 93% used [0x00000000ee280000,0x00000000ee638938,0x00000000ee680000)
  to   space 5632K, 0% used [0x00000000edb80000,0x00000000edb80000,0x00000000ee100000)
 ParOldGen       total 32768K, used 10108K [0x00000000c0000000, 0x00000000c2000000, 0x00000000eab00000)
  object space 32768K, 30% used [0x00000000c0000000,0x00000000c09df2e0,0x00000000c2000000)
 Metaspace       used 27274K, capacity 27734K, committed 28160K, reserved 1073152K
  class space    used 3812K, capacity 3984K, committed 4096K, reserved 1048576K
Event: 67.243 GC heap after
Heap after GC invocations=12 (full 1):
 PSYoungGen      total 55296K, used 4820K [0x00000000eab00000, 0x00000000ef600000, 0x0000000100000000)
  eden space 49664K, 0% used [0x00000000eab00000,0x00000000eab00000,0x00000000edb80000)
  from space 5632K, 85% used [0x00000000edb80000,0x00000000ee035068,0x00000000ee100000)
  to   space 5632K, 0% used [0x00000000ef080000,0x00000000ef080000,0x00000000ef600000)
 ParOldGen       total 32768K, used 11968K [0x00000000c0000000, 0x00000000c2000000, 0x00000000eab00000)
  object space 32768K, 36% used [0x00000000c0000000,0x00000000c0bb0350,0x00000000c2000000)
 Metaspace       used 27274K, capacity 27734K, committed 28160K, reserved 1073152K
  class space    used 3812K, capacity 3984K, committed 4096K, reserved 1048576K
}
Event: 75.533 GC heap before
{Heap before GC invocations=13 (full 1):
 PSYoungGen      total 55296K, used 54484K [0x00000000eab00000, 0x00000000ef600000, 0x0000000100000000)
  eden space 49664K, 100% used [0x00000000eab00000,0x00000000edb80000,0x00000000edb80000)
  from space 5632K, 85% used [0x00000000edb80000,0x00000000ee035068,0x00000000ee100000)
  to   space 5632K, 0% used [0x00000000ef080000,0x00000000ef080000,0x00000000ef600000)
 ParOldGen       total 32768K, used 11968K [0x00000000c0000000, 0x00000000c2000000, 0x00000000eab00000)
  object space 32768K, 36% used [0x00000000c0000000,0x00000000c0bb0350,0x00000000c2000000)
 Metaspace       used 30122K, capacity 30562K, committed 30848K, reserved 1075200K
  class space    used 4263K, capacity 4436K, committed 4480K, reserved 1048576K
Event: 75.566 GC heap after
Heap after GC invocations=13 (full 1):
 PSYoungGen      total 71168K, used 4095K [0x00000000eab00000, 0x00000000efa00000, 0x0000000100000000)
  eden space 65536K, 0% used [0x00000000eab00000,0x00000000eab00000,0x00000000eeb00000)
  from space 5632K, 72% used [0x00000000ef080000,0x00000000ef47fcf8,0x00000000ef600000)
  to   space 5632K, 0% used [0x00000000eeb00000,0x00000000eeb00000,0x00000000ef080000)
 ParOldGen       total 32768K, used 14201K [0x00000000c0000000, 0x00000000c2000000, 0x00000000eab00000)
  object space 32768K, 43% used [0x00000000c0000000,0x00000000c0dde650,0x00000000c2000000)
 Metaspace       used 30122K, capacity 30562K, committed 30848K, reserved 1075200K
  class space    used 4263K, capacity 4436K, committed 4480K, reserved 1048576K
}

